2020-07-19 15:48:01 [ INFO] - org.springframework.web.context.ContextLoader -ContextLoader.java(305) -Root WebApplicationContext: initialization started
2020-07-19 15:48:01 [ INFO] - org.springframework.web.context.support.XmlWebApplicationContext -AbstractApplicationContext.java(578) -Refreshing Root WebApplicationContext: startup date [Sun Jul 19 15:48:01 CST 2020]; root of context hierarchy
2020-07-19 15:48:01 [ INFO] - org.springframework.beans.factory.xml.XmlBeanDefinitionReader -XmlBeanDefinitionReader.java(317) -Loading XML bean definitions from class path resource [spring/applicationContext.xml]
2020-07-19 15:48:32 [ WARN] - org.mybatis.spring.mapper.ClassPathMapperScanner -ClassPathMapperScanner.java(158) -No MyBatis mapper was found in '[com.springmvc.dao]' package. Please check your configuration.
2020-07-19 15:48:32 [ INFO] - org.springframework.beans.factory.config.PropertyPlaceholderConfigurer -PropertiesLoaderSupport.java(172) -Loading properties file from class path resource [jdbc.properties]
2020-07-19 15:48:32 [ INFO] - org.springframework.beans.factory.annotation.AutowiredAnnotationBeanPostProcessor -AutowiredAnnotationBeanPostProcessor.java(153) -JSR-330 'javax.inject.Inject' annotation found and supported for autowiring
2020-07-19 15:48:33 [ INFO] - org.springframework.web.servlet.mvc.method.annotation.RequestMappingHandlerAdapter -RequestMappingHandlerAdapter.java(532) -Looking for @ControllerAdvice: Root WebApplicationContext: startup date [Sun Jul 19 15:48:01 CST 2020]; root of context hierarchy
2020-07-19 15:48:33 [ INFO] - org.springframework.web.servlet.mvc.method.annotation.RequestMappingHandlerAdapter -RequestMappingHandlerAdapter.java(532) -Looking for @ControllerAdvice: Root WebApplicationContext: startup date [Sun Jul 19 15:48:01 CST 2020]; root of context hierarchy
2020-07-19 15:48:33 [ WARN] - org.springframework.web.context.support.XmlWebApplicationContext -AbstractApplicationContext.java(546) -Exception encountered during context initialization - cancelling refresh attempt: org.springframework.beans.factory.BeanCreationException: Error creating bean with name 'sqlSessionFactory' defined in class path resource [spring/applicationContext.xml]: Invocation of init method failed; nested exception is org.springframework.core.NestedIOException: Failed to parse mapping resource: 'file [C:\Users\Administrator\Desktop\项目管控\projectManage\target\classes\sqlmap\Mapper.xml]'; nested exception is org.apache.ibatis.builder.BuilderException: Error creating document instance.  Cause: org.xml.sax.SAXParseException; lineNumber: 1; columnNumber: 1; 文件提前结束。
2020-07-19 15:48:33 [ERROR] - org.springframework.web.context.ContextLoader -ContextLoader.java(351) -Context initialization failed
org.springframework.beans.factory.BeanCreationException: Error creating bean with name 'sqlSessionFactory' defined in class path resource [spring/applicationContext.xml]: Invocation of init method failed; nested exception is org.springframework.core.NestedIOException: Failed to parse mapping resource: 'file [C:\Users\Administrator\Desktop\项目管控\projectManage\target\classes\sqlmap\Mapper.xml]'; nested exception is org.apache.ibatis.builder.BuilderException: Error creating document instance.  Cause: org.xml.sax.SAXParseException; lineNumber: 1; columnNumber: 1; 文件提前结束。
	at org.springframework.beans.factory.support.AbstractAutowireCapableBeanFactory.initializeBean(AbstractAutowireCapableBeanFactory.java:1578)
	at org.springframework.beans.factory.support.AbstractAutowireCapableBeanFactory.doCreateBean(AbstractAutowireCapableBeanFactory.java:545)
	at org.springframework.beans.factory.support.AbstractAutowireCapableBeanFactory.createBean(AbstractAutowireCapableBeanFactory.java:482)
	at org.springframework.beans.factory.support.AbstractBeanFactory$1.getObject(AbstractBeanFactory.java:306)
	at org.springframework.beans.factory.support.DefaultSingletonBeanRegistry.getSingleton(DefaultSingletonBeanRegistry.java:230)
	at org.springframework.beans.factory.support.AbstractBeanFactory.doGetBean(AbstractBeanFactory.java:302)
	at org.springframework.beans.factory.support.AbstractBeanFactory.getBean(AbstractBeanFactory.java:197)
	at org.springframework.beans.factory.support.DefaultListableBeanFactory.preInstantiateSingletons(DefaultListableBeanFactory.java:753)
	at org.springframework.context.support.AbstractApplicationContext.finishBeanFactoryInitialization(AbstractApplicationContext.java:839)
	at org.springframework.context.support.AbstractApplicationContext.refresh(AbstractApplicationContext.java:538)
	at org.springframework.web.context.ContextLoader.configureAndRefreshWebApplicationContext(ContextLoader.java:444)
	at org.springframework.web.context.ContextLoader.initWebApplicationContext(ContextLoader.java:326)
	at org.springframework.web.context.ContextLoaderListener.contextInitialized(ContextLoaderListener.java:107)
	at org.apache.catalina.core.StandardContext.listenerStart(StandardContext.java:4939)
	at org.apache.catalina.core.StandardContext.startInternal(StandardContext.java:5434)
	at org.apache.catalina.util.LifecycleBase.start(LifecycleBase.java:150)
	at org.apache.catalina.core.ContainerBase$StartChild.call(ContainerBase.java:1559)
	at org.apache.catalina.core.ContainerBase$StartChild.call(ContainerBase.java:1549)
	at java.util.concurrent.FutureTask.run(FutureTask.java:266)
	at java.util.concurrent.ThreadPoolExecutor.runWorker(ThreadPoolExecutor.java:1149)
	at java.util.concurrent.ThreadPoolExecutor$Worker.run(ThreadPoolExecutor.java:624)
	at java.lang.Thread.run(Thread.java:748)
Caused by: org.springframework.core.NestedIOException: Failed to parse mapping resource: 'file [C:\Users\Administrator\Desktop\项目管控\projectManage\target\classes\sqlmap\Mapper.xml]'; nested exception is org.apache.ibatis.builder.BuilderException: Error creating document instance.  Cause: org.xml.sax.SAXParseException; lineNumber: 1; columnNumber: 1; 文件提前结束。
	at org.mybatis.spring.SqlSessionFactoryBean.buildSqlSessionFactory(SqlSessionFactoryBean.java:466)
	at org.mybatis.spring.SqlSessionFactoryBean.afterPropertiesSet(SqlSessionFactoryBean.java:340)
	at org.springframework.beans.factory.support.AbstractAutowireCapableBeanFactory.invokeInitMethods(AbstractAutowireCapableBeanFactory.java:1637)
	at org.springframework.beans.factory.support.AbstractAutowireCapableBeanFactory.initializeBean(AbstractAutowireCapableBeanFactory.java:1574)
	... 21 more
Caused by: org.apache.ibatis.builder.BuilderException: Error creating document instance.  Cause: org.xml.sax.SAXParseException; lineNumber: 1; columnNumber: 1; 文件提前结束。
	at org.apache.ibatis.parsing.XPathParser.createDocument(XPathParser.java:253)
	at org.apache.ibatis.parsing.XPathParser.<init>(XPathParser.java:122)
	at org.apache.ibatis.builder.xml.XMLMapperBuilder.<init>(XMLMapperBuilder.java:75)
	at org.mybatis.spring.SqlSessionFactoryBean.buildSqlSessionFactory(SqlSessionFactoryBean.java:462)
	... 24 more
Caused by: org.xml.sax.SAXParseException; lineNumber: 1; columnNumber: 1; 文件提前结束。
	at com.sun.org.apache.xerces.internal.util.ErrorHandlerWrapper.createSAXParseException(ErrorHandlerWrapper.java:204)
	at com.sun.org.apache.xerces.internal.util.ErrorHandlerWrapper.fatalError(ErrorHandlerWrapper.java:178)
	at com.sun.org.apache.xerces.internal.impl.XMLErrorReporter.reportError(XMLErrorReporter.java:400)
	at com.sun.org.apache.xerces.internal.impl.XMLErrorReporter.reportError(XMLErrorReporter.java:327)
	at com.sun.org.apache.xerces.internal.impl.XMLScanner.reportFatalError(XMLScanner.java:1472)
	at com.sun.org.apache.xerces.internal.impl.XMLDocumentScannerImpl$PrologDriver.next(XMLDocumentScannerImpl.java:1014)
	at com.sun.org.apache.xerces.internal.impl.XMLDocumentScannerImpl.next(XMLDocumentScannerImpl.java:602)
	at com.sun.org.apache.xerces.internal.impl.XMLDocumentFragmentScannerImpl.scanDocument(XMLDocumentFragmentScannerImpl.java:505)
	at com.sun.org.apache.xerces.internal.parsers.XML11Configuration.parse(XML11Configuration.java:842)
	at com.sun.org.apache.xerces.internal.parsers.XML11Configuration.parse(XML11Configuration.java:771)
	at com.sun.org.apache.xerces.internal.parsers.XMLParser.parse(XMLParser.java:142)
	at com.sun.org.apache.xerces.internal.parsers.DOMParser.parse(DOMParser.java:244)
	at com.sun.org.apache.xerces.internal.jaxp.DocumentBuilderImpl.parse(DocumentBuilderImpl.java:339)
	at org.apache.ibatis.parsing.XPathParser.createDocument(XPathParser.java:251)
	... 27 more
